#
# A fatal error has been detected by the Java Runtime Environment:
#
#  Internal Error (./open/src/hotspot/share/interpreter/oopMapCache.cpp:111), pid=17580, tid=3760
#  Error: ShouldNotReachHere()
#
# JRE version: OpenJDK Runtime Environment (15.0.2+7) (build 15.0.2+7-27)
# Java VM: OpenJDK 64-Bit Server VM (15.0.2+7-27, mixed mode, tiered, compressed oops, g1 gc, windows-amd64)
# No core dump will be written. Minidumps are not enabled by default on client versions of Windows
#
# If you would like to submit a bug report, please visit:
#   https://bugreport.java.com/bugreport/crash.jsp
#

---------------  S U M M A R Y ------------

Command Line: -XX:+ShowCodeDetailsInExceptionMessages -agentlib:jdwp=transport=dt_socket,suspend=y,address=localhost:56888 -javaagent:C:\Users\ishab\Downloads\eclipse-java-2021-03-R-win32-x86_64\eclipse\configuration\org.eclipse.osgi\222\0\.cp\lib\javaagent-shaded.jar -Dfile.encoding=Cp1252 com.leetCode.Arrays.DeleteElement

Host: Intel(R) Core(TM) i5-6200U CPU @ 2.30GHz, 4 cores, 7G,  Windows 10 , 64 bit Build 19041 (10.0.19041.928)
Time: Mon Jun  7 21:01:50 2021 Eastern Daylight Time elapsed time: 442.542003 seconds (0d 0h 7m 22s)

---------------  T H R E A D  ---------------

Current thread (0x0000026344b46010):  JavaThread "JDWP Transport Listener: dt_socket" daemon [_thread_in_vm, id=3760, stack(0x000000eaa4a00000,0x000000eaa4b00000)] _threads_hazard_ptr=0x0000026344ab3010

Stack: [0x000000eaa4a00000,0x000000eaa4b00000]
Native frames: (J=compiled Java code, j=interpreted, Vv=VM code, C=native code)
V  [jvm.dll+0x62ae9a]
V  [jvm.dll+0x7817a9]
V  [jvm.dll+0x782f03]
V  [jvm.dll+0x783517]
V  [jvm.dll+0x21628c]
V  [jvm.dll+0x2161d3]
V  [jvm.dll+0x619eea]
V  [jvm.dll+0x619ba3]
V  [jvm.dll+0x5df278]
V  [jvm.dll+0x77876f]
V  [jvm.dll+0x4f02e1]
V  [jvm.dll+0x7882b5]
V  [jvm.dll+0x4d3f00]
V  [jvm.dll+0x4956db]
C  [jdwp.dll+0x8221]


---------------  P R O C E S S  ---------------

Threads class SMR info:
_java_thread_list=0x0000026344ab3010, length=14, elements={
0x000002632a5832f0, 0x0000026344822130, 0x000002634482ac60, 0x0000026344004630,
0x0000026344007000, 0x00000263440079c0, 0x000002634400cc70, 0x000002634400da20,
0x0000026344852020, 0x0000026344941380, 0x0000026344b46010, 0x0000026344af3f30,
0x0000026344af6430, 0x0000026344b69200
}

Java Threads: ( => current thread )
  0x000002632a5832f0 JavaThread "main" [_thread_blocked, id=16036, stack(0x000000eaa3a00000,0x000000eaa3b00000)]
  0x0000026344822130 JavaThread "Reference Handler" daemon [_thread_blocked, id=17828, stack(0x000000eaa4100000,0x000000eaa4200000)]
  0x000002634482ac60 JavaThread "Finalizer" daemon [_thread_blocked, id=10576, stack(0x000000eaa4200000,0x000000eaa4300000)]
  0x0000026344004630 JavaThread "Signal Dispatcher" daemon [_thread_blocked, id=10572, stack(0x000000eaa4300000,0x000000eaa4400000)]
  0x0000026344007000 JavaThread "Attach Listener" daemon [_thread_blocked, id=7052, stack(0x000000eaa4400000,0x000000eaa4500000)]
  0x00000263440079c0 JavaThread "Service Thread" daemon [_thread_blocked, id=17972, stack(0x000000eaa4500000,0x000000eaa4600000)]
  0x000002634400cc70 JavaThread "C2 CompilerThread0" daemon [_thread_blocked, id=2160, stack(0x000000eaa4600000,0x000000eaa4700000)]
  0x000002634400da20 JavaThread "C1 CompilerThread0" daemon [_thread_blocked, id=17512, stack(0x000000eaa4700000,0x000000eaa4800000)]
  0x0000026344852020 JavaThread "Sweeper thread" daemon [_thread_blocked, id=17032, stack(0x000000eaa4800000,0x000000eaa4900000)]
  0x0000026344941380 JavaThread "Common-Cleaner" daemon [_thread_blocked, id=10324, stack(0x000000eaa4900000,0x000000eaa4a00000)]
=>0x0000026344b46010 JavaThread "JDWP Transport Listener: dt_socket" daemon [_thread_in_vm, id=3760, stack(0x000000eaa4a00000,0x000000eaa4b00000)] _threads_hazard_ptr=0x0000026344ab3010
  0x0000026344af3f30 JavaThread "JDWP Event Helper Thread" daemon [_thread_blocked, id=8872, stack(0x000000eaa4b00000,0x000000eaa4c00000)]
  0x0000026344af6430 JavaThread "JDWP Command Reader" daemon [_thread_in_native, id=4192, stack(0x000000eaa4c00000,0x000000eaa4d00000)]
  0x0000026344b69200 JavaThread "Notification Thread" daemon [_thread_blocked, id=5104, stack(0x000000eaa4d00000,0x000000eaa4e00000)]

Other Threads:
  0x0000026343fdad90 VMThread "VM Thread" [stack: 0x000000eaa4000000,0x000000eaa4100000] [id=3280]
  0x000002632a5843b0 WatcherThread [stack: 0x000000eaa4e00000,0x000000eaa4f00000] [id=14932]
  0x000002632a5c4600 GCTaskThread "GC Thread#0" [stack: 0x000000eaa3b00000,0x000000eaa3c00000] [id=9920]
  0x000002632a5d5c40 ConcurrentGCThread "G1 Main Marker" [stack: 0x000000eaa3c00000,0x000000eaa3d00000] [id=18324]
  0x000002632a5d67c0 ConcurrentGCThread "G1 Conc#0" [stack: 0x000000eaa3d00000,0x000000eaa3e00000] [id=17560]
  0x000002632a652b60 ConcurrentGCThread "G1 Refine#0" [stack: 0x000000eaa3e00000,0x000000eaa3f00000] [id=7296]
  0x000002632a6543c0 ConcurrentGCThread "G1 Young RemSet Sampling" [stack: 0x000000eaa3f00000,0x000000eaa4000000] [id=11332]

Threads with active compile tasks:

VM state: not at safepoint (normal execution)

VM Mutex/Monitor currently owned by a thread: None

Heap address: 0x0000000081a00000, size: 2022 MB, Compressed Oops mode: 32-bit
CDS disabled.
Compressed class space mapped at: 0x0000000100000000-0x0000000140000000, size: 1073741824
Narrow klass base: 0x0000000000000000, Narrow klass shift: 3, Narrow klass range: 0x140000000

GC Precious Log:
 CPUs: 4 total, 4 available
 Memory: 8082M
 Large Page Support: Disabled
 NUMA Support: Disabled
 Compressed Oops: Enabled (32-bit)
 Heap Region Size: 1M
 Heap Min Capacity: 8M
 Heap Initial Capacity: 128M
 Heap Max Capacity: 2022M
 Pre-touch: Disabled
 Parallel Workers: 4
 Concurrent Workers: 1
 Concurrent Refinement Workers: 4
 Periodic GC: Disabled

Heap:
 garbage-first heap   total 131072K, used 4096K [0x0000000081a00000, 0x0000000100000000)
  region size 1024K, 5 young (5120K), 0 survivors (0K)
 Metaspace       used 9258K, capacity 9374K, committed 9600K, reserved 1058816K
  class space    used 785K, capacity 821K, committed 896K, reserved 1048576K

Heap Regions: E=young(eden), S=young(survivor), O=old, HS=humongous(starts), HC=humongous(continues), CS=collection set, F=free, OA=open archive, CA=closed archive, TAMS=top-at-mark-start (previous, next)
|   0|0x0000000081a00000, 0x0000000081a00000, 0x0000000081b00000|  0%| F|  |TAMS 0x0000000081a00000, 0x0000000081a00000| Untracked 
|   1|0x0000000081b00000, 0x0000000081b00000, 0x0000000081c00000|  0%| F|  |TAMS 0x0000000081b00000, 0x0000000081b00000| Untracked 
|   2|0x0000000081c00000, 0x0000000081c00000, 0x0000000081d00000|  0%| F|  |TAMS 0x0000000081c00000, 0x0000000081c00000| Untracked 
|   3|0x0000000081d00000, 0x0000000081d00000, 0x0000000081e00000|  0%| F|  |TAMS 0x0000000081d00000, 0x0000000081d00000| Untracked 
|   4|0x0000000081e00000, 0x0000000081e00000, 0x0000000081f00000|  0%| F|  |TAMS 0x0000000081e00000, 0x0000000081e00000| Untracked 
|   5|0x0000000081f00000, 0x0000000081f00000, 0x0000000082000000|  0%| F|  |TAMS 0x0000000081f00000, 0x0000000081f00000| Untracked 
|   6|0x0000000082000000, 0x0000000082000000, 0x0000000082100000|  0%| F|  |TAMS 0x0000000082000000, 0x0000000082000000| Untracked 
|   7|0x0000000082100000, 0x0000000082100000, 0x0000000082200000|  0%| F|  |TAMS 0x0000000082100000, 0x0000000082100000| Untracked 
|   8|0x0000000082200000, 0x0000000082200000, 0x0000000082300000|  0%| F|  |TAMS 0x0000000082200000, 0x0000000082200000| Untracked 
|   9|0x0000000082300000, 0x0000000082300000, 0x0000000082400000|  0%| F|  |TAMS 0x0000000082300000, 0x0000000082300000| Untracked 
|  10|0x0000000082400000, 0x0000000082400000, 0x0000000082500000|  0%| F|  |TAMS 0x0000000082400000, 0x0000000082400000| Untracked 
|  11|0x0000000082500000, 0x0000000082500000, 0x0000000082600000|  0%| F|  |TAMS 0x0000000082500000, 0x0000000082500000| Untracked 
|  12|0x0000000082600000, 0x0000000082600000, 0x0000000082700000|  0%| F|  |TAMS 0x0000000082600000, 0x0000000082600000| Untracked 
|  13|0x0000000082700000, 0x0000000082700000, 0x0000000082800000|  0%| F|  |TAMS 0x0000000082700000, 0x0000000082700000| Untracked 
|  14|0x0000000082800000, 0x0000000082800000, 0x0000000082900000|  0%| F|  |TAMS 0x0000000082800000, 0x0000000082800000| Untracked 
|  15|0x0000000082900000, 0x0000000082900000, 0x0000000082a00000|  0%| F|  |TAMS 0x0000000082900000, 0x0000000082900000| Untracked 
|  16|0x0000000082a00000, 0x0000000082a00000, 0x0000000082b00000|  0%| F|  |TAMS 0x0000000082a00000, 0x0000000082a00000| Untracked 
|  17|0x0000000082b00000, 0x0000000082b00000, 0x0000000082c00000|  0%| F|  |TAMS 0x0000000082b00000, 0x0000000082b00000| Untracked 
|  18|0x0000000082c00000, 0x0000000082c00000, 0x0000000082d00000|  0%| F|  |TAMS 0x0000000082c00000, 0x0000000082c00000| Untracked 
|  19|0x0000000082d00000, 0x0000000082d00000, 0x0000000082e00000|  0%| F|  |TAMS 0x0000000082d00000, 0x0000000082d00000| Untracked 
|  20|0x0000000082e00000, 0x0000000082e00000, 0x0000000082f00000|  0%| F|  |TAMS 0x0000000082e00000, 0x0000000082e00000| Untracked 
|  21|0x0000000082f00000, 0x0000000082f00000, 0x0000000083000000|  0%| F|  |TAMS 0x0000000082f00000, 0x0000000082f00000| Untracked 
|  22|0x0000000083000000, 0x0000000083000000, 0x0000000083100000|  0%| F|  |TAMS 0x0000000083000000, 0x0000000083000000| Untracked 
|  23|0x0000000083100000, 0x0000000083100000, 0x0000000083200000|  0%| F|  |TAMS 0x0000000083100000, 0x0000000083100000| Untracked 
|  24|0x0000000083200000, 0x0000000083200000, 0x0000000083300000|  0%| F|  |TAMS 0x0000000083200000, 0x0000000083200000| Untracked 
|  25|0x0000000083300000, 0x0000000083300000, 0x0000000083400000|  0%| F|  |TAMS 0x0000000083300000, 0x0000000083300000| Untracked 
|  26|0x0000000083400000, 0x0000000083400000, 0x0000000083500000|  0%| F|  |TAMS 0x0000000083400000, 0x0000000083400000| Untracked 
|  27|0x0000000083500000, 0x0000000083500000, 0x0000000083600000|  0%| F|  |TAMS 0x0000000083500000, 0x0000000083500000| Untracked 
|  28|0x0000000083600000, 0x0000000083600000, 0x0000000083700000|  0%| F|  |TAMS 0x0000000083600000, 0x0000000083600000| Untracked 
|  29|0x0000000083700000, 0x0000000083700000, 0x0000000083800000|  0%| F|  |TAMS 0x0000000083700000, 0x0000000083700000| Untracked 
|  30|0x0000000083800000, 0x0000000083800000, 0x0000000083900000|  0%| F|  |TAMS 0x0000000083800000, 0x0000000083800000| Untracked 
|  31|0x0000000083900000, 0x0000000083900000, 0x0000000083a00000|  0%| F|  |TAMS 0x0000000083900000, 0x0000000083900000| Untracked 
|  32|0x0000000083a00000, 0x0000000083a00000, 0x0000000083b00000|  0%| F|  |TAMS 0x0000000083a00000, 0x0000000083a00000| Untracked 
|  33|0x0000000083b00000, 0x0000000083b00000, 0x0000000083c00000|  0%| F|  |TAMS 0x0000000083b00000, 0x0000000083b00000| Untracked 
|  34|0x0000000083c00000, 0x0000000083c00000, 0x0000000083d00000|  0%| F|  |TAMS 0x0000000083c00000, 0x0000000083c00000| Untracked 
|  35|0x0000000083d00000, 0x0000000083d00000, 0x0000000083e00000|  0%| F|  |TAMS 0x0000000083d00000, 0x0000000083d00000| Untracked 
|  36|0x0000000083e00000, 0x0000000083e00000, 0x0000000083f00000|  0%| F|  |TAMS 0x0000000083e00000, 0x0000000083e00000| Untracked 
|  37|0x0000000083f00000, 0x0000000083f00000, 0x0000000084000000|  0%| F|  |TAMS 0x0000000083f00000, 0x0000000083f00000| Untracked 
|  38|0x0000000084000000, 0x0000000084000000, 0x0000000084100000|  0%| F|  |TAMS 0x0000000084000000, 0x0000000084000000| Untracked 
|  39|0x0000000084100000, 0x0000000084100000, 0x0000000084200000|  0%| F|  |TAMS 0x0000000084100000, 0x0000000084100000| Untracked 
|  40|0x0000000084200000, 0x0000000084200000, 0x0000000084300000|  0%| F|  |TAMS 0x0000000084200000, 0x0000000084200000| Untracked 
|  41|0x0000000084300000, 0x0000000084300000, 0x0000000084400000|  0%| F|  |TAMS 0x0000000084300000, 0x0000000084300000| Untracked 
|  42|0x0000000084400000, 0x0000000084400000, 0x0000000084500000|  0%| F|  |TAMS 0x0000000084400000, 0x0000000084400000| Untracked 
|  43|0x0000000084500000, 0x0000000084500000, 0x0000000084600000|  0%| F|  |TAMS 0x0000000084500000, 0x0000000084500000| Untracked 
|  44|0x0000000084600000, 0x0000000084600000, 0x0000000084700000|  0%| F|  |TAMS 0x0000000084600000, 0x0000000084600000| Untracked 
|  45|0x0000000084700000, 0x0000000084700000, 0x0000000084800000|  0%| F|  |TAMS 0x0000000084700000, 0x0000000084700000| Untracked 
|  46|0x0000000084800000, 0x0000000084800000, 0x0000000084900000|  0%| F|  |TAMS 0x0000000084800000, 0x0000000084800000| Untracked 
|  47|0x0000000084900000, 0x0000000084900000, 0x0000000084a00000|  0%| F|  |TAMS 0x0000000084900000, 0x0000000084900000| Untracked 
|  48|0x0000000084a00000, 0x0000000084a00000, 0x0000000084b00000|  0%| F|  |TAMS 0x0000000084a00000, 0x0000000084a00000| Untracked 
|  49|0x0000000084b00000, 0x0000000084b00000, 0x0000000084c00000|  0%| F|  |TAMS 0x0000000084b00000, 0x0000000084b00000| Untracked 
|  50|0x0000000084c00000, 0x0000000084c00000, 0x0000000084d00000|  0%| F|  |TAMS 0x0000000084c00000, 0x0000000084c00000| Untracked 
|  51|0x0000000084d00000, 0x0000000084d00000, 0x0000000084e00000|  0%| F|  |TAMS 0x0000000084d00000, 0x0000000084d00000| Untracked 
|  52|0x0000000084e00000, 0x0000000084e00000, 0x0000000084f00000|  0%| F|  |TAMS 0x0000000084e00000, 0x0000000084e00000| Untracked 
|  53|0x0000000084f00000, 0x0000000084f00000, 0x0000000085000000|  0%| F|  |TAMS 0x0000000084f00000, 0x0000000084f00000| Untracked 
|  54|0x0000000085000000, 0x0000000085000000, 0x0000000085100000|  0%| F|  |TAMS 0x0000000085000000, 0x0000000085000000| Untracked 
|  55|0x0000000085100000, 0x0000000085100000, 0x0000000085200000|  0%| F|  |TAMS 0x0000000085100000, 0x0000000085100000| Untracked 
|  56|0x0000000085200000, 0x0000000085200000, 0x0000000085300000|  0%| F|  |TAMS 0x0000000085200000, 0x0000000085200000| Untracked 
|  57|0x0000000085300000, 0x0000000085300000, 0x0000000085400000|  0%| F|  |TAMS 0x0000000085300000, 0x0000000085300000| Untracked 
|  58|0x0000000085400000, 0x0000000085400000, 0x0000000085500000|  0%| F|  |TAMS 0x0000000085400000, 0x0000000085400000| Untracked 
|  59|0x0000000085500000, 0x0000000085500000, 0x0000000085600000|  0%| F|  |TAMS 0x0000000085500000, 0x0000000085500000| Untracked 
|  60|0x0000000085600000, 0x0000000085600000, 0x0000000085700000|  0%| F|  |TAMS 0x0000000085600000, 0x0000000085600000| Untracked 
|  61|0x0000000085700000, 0x0000000085700000, 0x0000000085800000|  0%| F|  |TAMS 0x0000000085700000, 0x0000000085700000| Untracked 
|  62|0x0000000085800000, 0x0000000085800000, 0x0000000085900000|  0%| F|  |TAMS 0x0000000085800000, 0x0000000085800000| Untracked 
|  63|0x0000000085900000, 0x0000000085900000, 0x0000000085a00000|  0%| F|  |TAMS 0x0000000085900000, 0x0000000085900000| Untracked 
|  64|0x0000000085a00000, 0x0000000085a00000, 0x0000000085b00000|  0%| F|  |TAMS 0x0000000085a00000, 0x0000000085a00000| Untracked 
|  65|0x0000000085b00000, 0x0000000085b00000, 0x0000000085c00000|  0%| F|  |TAMS 0x0000000085b00000, 0x0000000085b00000| Untracked 
|  66|0x0000000085c00000, 0x0000000085c00000, 0x0000000085d00000|  0%| F|  |TAMS 0x0000000085c00000, 0x0000000085c00000| Untracked 
|  67|0x0000000085d00000, 0x0000000085d00000, 0x0000000085e00000|  0%| F|  |TAMS 0x0000000085d00000, 0x0000000085d00000| Untracked 
|  68|0x0000000085e00000, 0x0000000085e00000, 0x0000000085f00000|  0%| F|  |TAMS 0x0000000085e00000, 0x0000000085e00000| Untracked 
|  69|0x0000000085f00000, 0x0000000085f00000, 0x0000000086000000|  0%| F|  |TAMS 0x0000000085f00000, 0x0000000085f00000| Untracked 
|  70|0x0000000086000000, 0x0000000086000000, 0x0000000086100000|  0%| F|  |TAMS 0x0000000086000000, 0x0000000086000000| Untracked 
|  71|0x0000000086100000, 0x0000000086100000, 0x0000000086200000|  0%| F|  |TAMS 0x0000000086100000, 0x0000000086100000| Untracked 
|  72|0x0000000086200000, 0x0000000086200000, 0x0000000086300000|  0%| F|  |TAMS 0x0000000086200000, 0x0000000086200000| Untracked 
|  73|0x0000000086300000, 0x0000000086300000, 0x0000000086400000|  0%| F|  |TAMS 0x0000000086300000, 0x0000000086300000| Untracked 
|  74|0x0000000086400000, 0x0000000086400000, 0x0000000086500000|  0%| F|  |TAMS 0x0000000086400000, 0x0000000086400000| Untracked 
|  75|0x0000000086500000, 0x0000000086500000, 0x0000000086600000|  0%| F|  |TAMS 0x0000000086500000, 0x0000000086500000| Untracked 
|  76|0x0000000086600000, 0x0000000086600000, 0x0000000086700000|  0%| F|  |TAMS 0x0000000086600000, 0x0000000086600000| Untracked 
|  77|0x0000000086700000, 0x0000000086700000, 0x0000000086800000|  0%| F|  |TAMS 0x0000000086700000, 0x0000000086700000| Untracked 
|  78|0x0000000086800000, 0x0000000086800000, 0x0000000086900000|  0%| F|  |TAMS 0x0000000086800000, 0x0000000086800000| Untracked 
|  79|0x0000000086900000, 0x0000000086900000, 0x0000000086a00000|  0%| F|  |TAMS 0x0000000086900000, 0x0000000086900000| Untracked 
|  80|0x0000000086a00000, 0x0000000086a00000, 0x0000000086b00000|  0%| F|  |TAMS 0x0000000086a00000, 0x0000000086a00000| Untracked 
|  81|0x0000000086b00000, 0x0000000086b00000, 0x0000000086c00000|  0%| F|  |TAMS 0x0000000086b00000, 0x0000000086b00000| Untracked 
|  82|0x0000000086c00000, 0x0000000086c00000, 0x0000000086d00000|  0%| F|  |TAMS 0x0000000086c00000, 0x0000000086c00000| Untracked 
|  83|0x0000000086d00000, 0x0000000086d00000, 0x0000000086e00000|  0%| F|  |TAMS 0x0000000086d00000, 0x0000000086d00000| Untracked 
|  84|0x0000000086e00000, 0x0000000086e00000, 0x0000000086f00000|  0%| F|  |TAMS 0x0000000086e00000, 0x0000000086e00000| Untracked 
|  85|0x0000000086f00000, 0x0000000086f00000, 0x0000000087000000|  0%| F|  |TAMS 0x0000000086f00000, 0x0000000086f00000| Untracked 
|  86|0x0000000087000000, 0x0000000087000000, 0x0000000087100000|  0%| F|  |TAMS 0x0000000087000000, 0x0000000087000000| Untracked 
|  87|0x0000000087100000, 0x0000000087100000, 0x0000000087200000|  0%| F|  |TAMS 0x0000000087100000, 0x0000000087100000| Untracked 
|  88|0x0000000087200000, 0x0000000087200000, 0x0000000087300000|  0%| F|  |TAMS 0x0000000087200000, 0x0000000087200000| Untracked 
|  89|0x0000000087300000, 0x0000000087300000, 0x0000000087400000|  0%| F|  |TAMS 0x0000000087300000, 0x0000000087300000| Untracked 
|  90|0x0000000087400000, 0x0000000087400000, 0x0000000087500000|  0%| F|  |TAMS 0x0000000087400000, 0x0000000087400000| Untracked 
|  91|0x0000000087500000, 0x0000000087500000, 0x0000000087600000|  0%| F|  |TAMS 0x0000000087500000, 0x0000000087500000| Untracked 
|  92|0x0000000087600000, 0x0000000087600000, 0x0000000087700000|  0%| F|  |TAMS 0x0000000087600000, 0x0000000087600000| Untracked 
|  93|0x0000000087700000, 0x0000000087700000, 0x0000000087800000|  0%| F|  |TAMS 0x0000000087700000, 0x0000000087700000| Untracked 
|  94|0x0000000087800000, 0x0000000087800000, 0x0000000087900000|  0%| F|  |TAMS 0x0000000087800000, 0x0000000087800000| Untracked 
|  95|0x0000000087900000, 0x0000000087900000, 0x0000000087a00000|  0%| F|  |TAMS 0x0000000087900000, 0x0000000087900000| Untracked 
|  96|0x0000000087a00000, 0x0000000087a00000, 0x0000000087b00000|  0%| F|  |TAMS 0x0000000087a00000, 0x0000000087a00000| Untracked 
|  97|0x0000000087b00000, 0x0000000087b00000, 0x0000000087c00000|  0%| F|  |TAMS 0x0000000087b00000, 0x0000000087b00000| Untracked 
|  98|0x0000000087c00000, 0x0000000087c00000, 0x0000000087d00000|  0%| F|  |TAMS 0x0000000087c00000, 0x0000000087c00000| Untracked 
|  99|0x0000000087d00000, 0x0000000087d00000, 0x0000000087e00000|  0%| F|  |TAMS 0x0000000087d00000, 0x0000000087d00000| Untracked 
| 100|0x0000000087e00000, 0x0000000087e00000, 0x0000000087f00000|  0%| F|  |TAMS 0x0000000087e00000, 0x0000000087e00000| Untracked 
| 101|0x0000000087f00000, 0x0000000087f00000, 0x0000000088000000|  0%| F|  |TAMS 0x0000000087f00000, 0x0000000087f00000| Untracked 
| 102|0x0000000088000000, 0x0000000088000000, 0x0000000088100000|  0%| F|  |TAMS 0x0000000088000000, 0x0000000088000000| Untracked 
| 103|0x0000000088100000, 0x0000000088100000, 0x0000000088200000|  0%| F|  |TAMS 0x0000000088100000, 0x0000000088100000| Untracked 
| 104|0x0000000088200000, 0x0000000088200000, 0x0000000088300000|  0%| F|  |TAMS 0x0000000088200000, 0x0000000088200000| Untracked 
| 105|0x0000000088300000, 0x0000000088300000, 0x0000000088400000|  0%| F|  |TAMS 0x0000000088300000, 0x0000000088300000| Untracked 
| 106|0x0000000088400000, 0x0000000088400000, 0x0000000088500000|  0%| F|  |TAMS 0x0000000088400000, 0x0000000088400000| Untracked 
| 107|0x0000000088500000, 0x0000000088500000, 0x0000000088600000|  0%| F|  |TAMS 0x0000000088500000, 0x0000000088500000| Untracked 
| 108|0x0000000088600000, 0x0000000088600000, 0x0000000088700000|  0%| F|  |TAMS 0x0000000088600000, 0x0000000088600000| Untracked 
| 109|0x0000000088700000, 0x0000000088700000, 0x0000000088800000|  0%| F|  |TAMS 0x0000000088700000, 0x0000000088700000| Untracked 
| 110|0x0000000088800000, 0x0000000088800000, 0x0000000088900000|  0%| F|  |TAMS 0x0000000088800000, 0x0000000088800000| Untracked 
| 111|0x0000000088900000, 0x0000000088900000, 0x0000000088a00000|  0%| F|  |TAMS 0x0000000088900000, 0x0000000088900000| Untracked 
| 112|0x0000000088a00000, 0x0000000088a00000, 0x0000000088b00000|  0%| F|  |TAMS 0x0000000088a00000, 0x0000000088a00000| Untracked 
| 113|0x0000000088b00000, 0x0000000088b00000, 0x0000000088c00000|  0%| F|  |TAMS 0x0000000088b00000, 0x0000000088b00000| Untracked 
| 114|0x0000000088c00000, 0x0000000088c00000, 0x0000000088d00000|  0%| F|  |TAMS 0x0000000088c00000, 0x0000000088c00000| Untracked 
| 115|0x0000000088d00000, 0x0000000088d00000, 0x0000000088e00000|  0%| F|  |TAMS 0x0000000088d00000, 0x0000000088d00000| Untracked 
| 116|0x0000000088e00000, 0x0000000088e00000, 0x0000000088f00000|  0%| F|  |TAMS 0x0000000088e00000, 0x0000000088e00000| Untracked 
| 117|0x0000000088f00000, 0x0000000088f00000, 0x0000000089000000|  0%| F|  |TAMS 0x0000000088f00000, 0x0000000088f00000| Untracked 
| 118|0x0000000089000000, 0x0000000089000000, 0x0000000089100000|  0%| F|  |TAMS 0x0000000089000000, 0x0000000089000000| Untracked 
| 119|0x0000000089100000, 0x0000000089100000, 0x0000000089200000|  0%| F|  |TAMS 0x0000000089100000, 0x0000000089100000| Untracked 
| 120|0x0000000089200000, 0x0000000089200000, 0x0000000089300000|  0%| F|  |TAMS 0x0000000089200000, 0x0000000089200000| Untracked 
| 121|0x0000000089300000, 0x0000000089300000, 0x0000000089400000|  0%| F|  |TAMS 0x0000000089300000, 0x0000000089300000| Untracked 
| 122|0x0000000089400000, 0x0000000089400000, 0x0000000089500000|  0%| F|  |TAMS 0x0000000089400000, 0x0000000089400000| Untracked 
| 123|0x0000000089500000, 0x0000000089600000, 0x0000000089600000|100%| E|  |TAMS 0x0000000089500000, 0x0000000089500000| Complete 
| 124|0x0000000089600000, 0x0000000089700000, 0x0000000089700000|100%| E|CS|TAMS 0x0000000089600000, 0x0000000089600000| Complete 
| 125|0x0000000089700000, 0x0000000089800000, 0x0000000089800000|100%| E|CS|TAMS 0x0000000089700000, 0x0000000089700000| Complete 
| 126|0x0000000089800000, 0x0000000089900000, 0x0000000089900000|100%| E|CS|TAMS 0x0000000089800000, 0x0000000089800000| Complete 
| 127|0x0000000089900000, 0x0000000089a00000, 0x0000000089a00000|100%| E|CS|TAMS 0x0000000089900000, 0x0000000089900000| Complete 

Card table byte_map: [0x000002633d3a0000,0x000002633d7a0000] _byte_map_base: 0x000002633cf93000

Marking Bits (Prev, Next): (CMBitMap*) 0x000002632a5c4d80, (CMBitMap*) 0x000002632a5c4dc0
 Prev Bits: [0x000002633dba0000, 0x000002633fb38000)
 Next Bits: [0x000002633fb40000, 0x0000026341ad8000)

Polling page: 0x0000026328590000

Metaspace:

Usage:
  Non-class:      8.35 MB capacity,     8.27 MB (>99%) used,    74.45 KB ( <1%) free+waste,     5.44 KB ( <1%) overhead. 
      Class:    821.00 KB capacity,   785.63 KB ( 96%) used,    33.68 KB (  4%) free+waste,     1.69 KB ( <1%) overhead. 
       Both:      9.15 MB capacity,     9.04 MB ( 99%) used,   108.13 KB (  1%) free+waste,     7.12 KB ( <1%) overhead. 

Virtual space:
  Non-class space:       10.00 MB reserved,       8.50 MB ( 85%) committed 
      Class space:        1.00 GB reserved,     896.00 KB ( <1%) committed 
             Both:        1.01 GB reserved,       9.38 MB ( <1%) committed 

Chunk freelists:
   Non-Class:  23.00 KB
       Class:  11.00 KB
        Both:  34.00 KB

MaxMetaspaceSize: 17179869184.00 GB
CompressedClassSpaceSize: 1.00 GB

CodeHeap 'non-profiled nmethods': size=120000Kb used=124Kb max_used=124Kb free=119875Kb
 bounds [0x0000026335a70000, 0x0000026335ce0000, 0x000002633cfa0000]
CodeHeap 'profiled nmethods': size=120000Kb used=577Kb max_used=577Kb free=119422Kb
 bounds [0x000002632e540000, 0x000002632e7b0000, 0x0000026335a70000]
CodeHeap 'non-nmethods': size=5760Kb used=1223Kb max_used=1242Kb free=4536Kb
 bounds [0x000002632dfa0000, 0x000002632e210000, 0x000002632e540000]
 total_blobs=813 nmethods=427 adapters=299
 compilation: enabled
              stopped_count=0, restarted_count=0
 full_count=0

Compilation events (20 events):
Event: 0.648 Thread 0x000002634400da20 nmethod 421 0x000002632e5ce090 code [0x000002632e5ce240, 0x000002632e5ce468]
Event: 0.649 Thread 0x000002634400da20  423       3       java.lang.Character::toLowerCase (9 bytes)
Event: 0.649 Thread 0x000002634400da20 nmethod 423 0x000002632e5ce510 code [0x000002632e5ce6c0, 0x000002632e5ce898]
Event: 0.649 Thread 0x000002634400da20  424       3       java.util.ArrayList::grow (60 bytes)
Event: 0.650 Thread 0x000002634400da20 nmethod 424 0x000002632e5ce990 code [0x000002632e5ceba0, 0x000002632e5cf358]
Event: 0.656 Thread 0x000002634400cc70 nmethod 404 0x0000026335a8d710 code [0x0000026335a8d8c0, 0x0000026335a8e4f8]
Event: 0.656 Thread 0x000002634400cc70  422       4       java.lang.String::charAt (25 bytes)
Event: 0.658 Thread 0x000002634400cc70 nmethod 422 0x0000026335a8e790 code [0x0000026335a8e920, 0x0000026335a8ea88]
Event: 0.658 Thread 0x000002634400cc70  390       4       java.util.Objects::requireNonNull (14 bytes)
Event: 0.659 Thread 0x000002634400cc70 nmethod 390 0x0000026335a8ec10 code [0x0000026335a8ed80, 0x0000026335a8edd8]
Event: 0.659 Thread 0x000002634400cc70  386       4       java.nio.Buffer::nextGetIndex (30 bytes)
Event: 0.659 Thread 0x000002634400cc70 nmethod 386 0x0000026335a8ef10 code [0x0000026335a8f080, 0x0000026335a8f118]
Event: 363.663 Thread 0x000002634400da20  425       3       org.eclipse.jdt.launching.internal.org.objectweb.asm.ClassReader::readUnsignedShort (26 bytes)
Event: 363.664 Thread 0x000002634400da20 nmethod 425 0x000002632e5cf610 code [0x000002632e5cf7a0, 0x000002632e5cf8f8]
Event: 439.474 Thread 0x000002634400da20  426       3       java.lang.String::<init> (74 bytes)
Event: 439.478 Thread 0x000002634400da20 

Event: 439.478 Thread 0x000002634400da20  427       3       java.lang.StringUTF16::compress (20 bytes)
Event: 439.478 Thread 0x000002634400da20 nmethod 427 0x000002632e5cfa10 code [0x000002632e5cfbc0, 0x000002632e5cfde8]
Event: 439.478 Thread 0x000002634400da20  428       3       org.eclipse.jdt.launching.internal.org.objectweb.asm.ClassReader::readUtf (44 bytes)
Event: 439.478 Thread 0x000002634400da20 nmethod 428 0x000002632e5cfe90 code [0x000002632e5d0060, 0x000002632e5d0438]

GC Heap History (0 events):
No events

Deoptimization events (20 events):
Event: 0.626 Thread 0x000002632a5832f0 DEOPT PACKING pc=0x000002632e5b932c sp=0x000000eaa3af83a0
Event: 0.626 Thread 0x000002632a5832f0 DEOPT UNPACKING pc=0x000002632dfee23f sp=0x000000eaa3af7868 mode 0
Event: 0.627 Thread 0x000002632a5832f0 DEOPT PACKING pc=0x000002632e5b932c sp=0x000000eaa3af83a0
Event: 0.627 Thread 0x000002632a5832f0 DEOPT UNPACKING pc=0x000002632dfee23f sp=0x000000eaa3af7868 mode 0
Event: 0.628 Thread 0x000002632a5832f0 DEOPT PACKING pc=0x000002632e5b932c sp=0x000000eaa3af83a0
Event: 0.628 Thread 0x000002632a5832f0 DEOPT UNPACKING pc=0x000002632dfee23f sp=0x000000eaa3af7868 mode 0
Event: 0.629 Thread 0x000002632a5832f0 DEOPT PACKING pc=0x000002632e5b932c sp=0x000000eaa3af83a0
Event: 0.629 Thread 0x000002632a5832f0 DEOPT UNPACKING pc=0x000002632dfee23f sp=0x000000eaa3af7868 mode 0
Event: 0.634 Thread 0x000002632a5832f0 DEOPT PACKING pc=0x000002632e5b932c sp=0x000000eaa3afbe80
Event: 0.634 Thread 0x000002632a5832f0 DEOPT UNPACKING pc=0x000002632dfee23f sp=0x000000eaa3afb348 mode 0
Event: 0.634 Thread 0x000002632a5832f0 DEOPT PACKING pc=0x000002632e5b932c sp=0x000000eaa3afbe80
Event: 0.634 Thread 0x000002632a5832f0 DEOPT UNPACKING pc=0x000002632dfee23f sp=0x000000eaa3afb348 mode 0
Event: 0.638 Thread 0x000002632a5832f0 DEOPT PACKING pc=0x000002632e5b932c sp=0x000000eaa3af8320
Event: 0.638 Thread 0x000002632a5832f0 DEOPT UNPACKING pc=0x000002632dfee23f sp=0x000000eaa3af77e8 mode 0
Event: 0.648 Thread 0x000002632a5832f0 DEOPT PACKING pc=0x000002632e5b932c sp=0x000000eaa3af7f90
Event: 0.648 Thread 0x000002632a5832f0 DEOPT UNPACKING pc=0x000002632dfee23f sp=0x000000eaa3af7458 mode 0
Event: 0.648 Thread 0x000002632a5832f0 DEOPT PACKING pc=0x000002632e5b932c sp=0x000000eaa3af7f90
Event: 0.648 Thread 0x000002632a5832f0 DEOPT UNPACKING pc=0x000002632dfee23f sp=0x000000eaa3af7458 mode 0
Event: 0.649 Thread 0x000002632a5832f0 DEOPT PACKING pc=0x000002632e5b932c sp=0x000000eaa3af7f90
Event: 0.649 Thread 0x000002632a5832f0 DEOPT UNPACKING pc=0x000002632dfee23f sp=0x000000eaa3af7458 mode 0

Classes unloaded (0 events):
No events

Classes redefined (2 events):
Event: 363.665 Thread 0x0000026343fdad90 redefined class name=com.leetCode.Arrays.DeleteElement, count=1
Event: 439.475 Thread 0x0000026343fdad90 redefined class name=com.leetCode.Arrays.DeleteElement, count=2

Internal exceptions (4 events):
Event: 0.388 Thread 0x000002632a5832f0 Exception <a 'java/lang/NoSuchMethodError'{0x000000008971f350}: 'void java.lang.invoke.DirectMethodHandle$Holder.invokeStatic(java.lang.Object, java.lang.Object)'> (0x000000008971f350) 
thrown [./open/src/hotspot/share/interpreter/linkResolver.cpp, line 782]
Event: 0.389 Thread 0x000002632a5832f0 Exception <a 'java/lang/NoSuchMethodError'{0x0000000089722ff8}: 'void java.lang.invoke.DirectMethodHandle$Holder.invokeStaticInit(java.lang.Object, java.lang.Object)'> (0x0000000089722ff8) 
thrown [./open/src/hotspot/share/interpreter/linkResolver.cpp, line 782]
Event: 0.586 Thread 0x000002632a5832f0 Exception <a 'java/lang/NoSuchMethodError'{0x0000000089504470}: 'java.lang.Object java.lang.invoke.DirectMethodHandle$Holder.invokeStatic(java.lang.Object)'> (0x0000000089504470) 
thrown [./open/src/hotspot/share/interpreter/linkResolver.cpp, line 782]
Event: 442.536 Thread 0x0000026344b46010 Exception <a 'java/lang/LinkageError'{0x000000008988cd88}> (0x000000008988cd88) 
thrown [./open/src/hotspot/share/oops/generateOopMap.cpp, line 2137]

Events (20 events):
Event: 363.683 Executing VM operation: GetStackTrace
Event: 363.684 Executing VM operation: GetStackTrace done
Event: 364.159 Executing VM operation: GetFrameCount
Event: 364.159 Executing VM operation: GetFrameCount done
Event: 439.474 Executing VM operation: RedefineClasses
Event: 439.478 Executing VM operation: RedefineClasses done
Event: 439.483 Executing VM operation: ChangeBreakpoints
Event: 439.483 Executing VM operation: ChangeBreakpoints done
Event: 439.484 Executing VM operation: ChangeBreakpoints
Event: 439.484 Executing VM operation: ChangeBreakpoints done
Event: 439.491 Executing VM operation: ChangeBreakpoints
Event: 439.492 Executing VM operation: ChangeBreakpoints done
Event: 439.492 Executing VM operation: ChangeBreakpoints
Event: 439.492 Executing VM operation: ChangeBreakpoints done
Event: 439.493 Executing VM operation: GetFrameCount
Event: 439.493 Executing VM operation: GetFrameCount done
Event: 439.493 Executing VM operation: GetStackTrace
Event: 439.493 Executing VM operation: GetStackTrace done
Event: 439.514 Executing VM operation: GetFrameCount
Event: 439.514 Executing VM operation: GetFrameCount done


Dynamic libraries:
0x00007ff75c0f0000 - 0x00007ff75c0fd000 	C:\Users\ishab\Downloads\eclipse-java-2021-03-R-win32-x86_64\eclipse\plugins\org.eclipse.justj.openjdk.hotspot.jre.full.win32.x86_64_15.0.2.v20210201-0955\jre\bin\javaw.exe
0x00007ffa17110000 - 0x00007ffa17305000 	C:\WINDOWS\SYSTEM32\ntdll.dll
0x00007ffa16c90000 - 0x00007ffa16d4d000 	C:\WINDOWS\System32\KERNEL32.DLL
0x00007ffa14d10000 - 0x00007ffa14fd8000 	C:\WINDOWS\System32\KERNELBASE.dll
0x00007ffa14a10000 - 0x00007ffa14b10000 	C:\WINDOWS\System32\ucrtbase.dll
0x00007ffa0cb30000 - 0x00007ffa0cb49000 	C:\Users\ishab\Downloads\eclipse-java-2021-03-R-win32-x86_64\eclipse\plugins\org.eclipse.justj.openjdk.hotspot.jre.full.win32.x86_64_15.0.2.v20210201-0955\jre\bin\VCRUNTIME140.dll
0x00007ffa09680000 - 0x00007ffa09698000 	C:\Users\ishab\Downloads\eclipse-java-2021-03-R-win32-x86_64\eclipse\plugins\org.eclipse.justj.openjdk.hotspot.jre.full.win32.x86_64_15.0.2.v20210201-0955\jre\bin\jli.dll
0x00007ffa16590000 - 0x00007ffa16730000 	C:\WINDOWS\System32\USER32.dll
0x00007ffa04180000 - 0x00007ffa0441a000 	C:\WINDOWS\WinSxS\amd64_microsoft.windows.common-controls_6595b64144ccf1df_6.0.19041.844_none_ca00b6081b84eb1d\COMCTL32.dll
0x00007ffa149e0000 - 0x00007ffa14a02000 	C:\WINDOWS\System32\win32u.dll
0x00007ffa163d0000 - 0x00007ffa1646e000 	C:\WINDOWS\System32\msvcrt.dll
0x00007ffa15630000 - 0x00007ffa1565a000 	C:\WINDOWS\System32\GDI32.dll
0x00007ffa15060000 - 0x00007ffa1516b000 	C:\WINDOWS\System32\gdi32full.dll
0x00007ffa14c70000 - 0x00007ffa14d0d000 	C:\WINDOWS\System32\msvcp_win.dll
0x00007ffa170a0000 - 0x00007ffa170d0000 	C:\WINDOWS\System32\IMM32.DLL
0x00007ffa11c80000 - 0x00007ffa11c8c000 	C:\Users\ishab\Downloads\eclipse-java-2021-03-R-win32-x86_64\eclipse\plugins\org.eclipse.justj.openjdk.hotspot.jre.full.win32.x86_64_15.0.2.v20210201-0955\jre\bin\vcruntime140_1.dll
0x00007ffa04bf0000 - 0x00007ffa04c81000 	C:\Users\ishab\Downloads\eclipse-java-2021-03-R-win32-x86_64\eclipse\plugins\org.eclipse.justj.openjdk.hotspot.jre.full.win32.x86_64_15.0.2.v20210201-0955\jre\bin\msvcp140.dll
0x00007ff9d4370000 - 0x00007ff9d4ece000 	C:\Users\ishab\Downloads\eclipse-java-2021-03-R-win32-x86_64\eclipse\plugins\org.eclipse.justj.openjdk.hotspot.jre.full.win32.x86_64_15.0.2.v20210201-0955\jre\bin\server\jvm.dll
0x00007ffa16ff0000 - 0x00007ffa1709c000 	C:\WINDOWS\System32\ADVAPI32.dll
0x00007ffa15320000 - 0x00007ffa153bb000 	C:\WINDOWS\System32\sechost.dll
0x00007ffa15500000 - 0x00007ffa1562b000 	C:\WINDOWS\System32\RPCRT4.dll
0x00007ffa163c0000 - 0x00007ffa163c8000 	C:\WINDOWS\System32\PSAPI.DLL
0x00007ffa13010000 - 0x00007ffa13019000 	C:\WINDOWS\SYSTEM32\WSOCK32.dll
0x00007ffa0b7c0000 - 0x00007ffa0b7ca000 	C:\WINDOWS\SYSTEM32\VERSION.dll
0x00007ffa16520000 - 0x00007ffa1658b000 	C:\WINDOWS\System32\WS2_32.dll
0x00007ffa05360000 - 0x00007ffa05387000 	C:\WINDOWS\SYSTEM32\WINMM.dll
0x00007ffa13120000 - 0x00007ffa13132000 	C:\WINDOWS\SYSTEM32\kernel.appcore.dll
0x00007ffa11c60000 - 0x00007ffa11c6a000 	C:\Users\ishab\Downloads\eclipse-java-2021-03-R-win32-x86_64\eclipse\plugins\org.eclipse.justj.openjdk.hotspot.jre.full.win32.x86_64_15.0.2.v20210201-0955\jre\bin\jimage.dll
0x00007ffa12660000 - 0x00007ffa12844000 	C:\WINDOWS\SYSTEM32\DBGHELP.DLL
0x00007ffa0c140000 - 0x00007ffa0c16c000 	C:\WINDOWS\SYSTEM32\dbgcore.DLL
0x00007ffa14fe0000 - 0x00007ffa15060000 	C:\WINDOWS\System32\bcryptPrimitives.dll
0x00007ffa04bb0000 - 0x00007ffa04be9000 	C:\Users\ishab\Downloads\eclipse-java-2021-03-R-win32-x86_64\eclipse\plugins\org.eclipse.justj.openjdk.hotspot.jre.full.win32.x86_64_15.0.2.v20210201-0955\jre\bin\jdwp.dll
0x00007ffa11c40000 - 0x00007ffa11c4e000 	C:\Users\ishab\Downloads\eclipse-java-2021-03-R-win32-x86_64\eclipse\plugins\org.eclipse.justj.openjdk.hotspot.jre.full.win32.x86_64_15.0.2.v20210201-0955\jre\bin\instrument.dll
0x00007ff9fd0b0000 - 0x00007ff9fd0d5000 	C:\Users\ishab\Downloads\eclipse-java-2021-03-R-win32-x86_64\eclipse\plugins\org.eclipse.justj.openjdk.hotspot.jre.full.win32.x86_64_15.0.2.v20210201-0955\jre\bin\java.dll
0x00007ffa0ed80000 - 0x00007ffa0ed98000 	C:\Users\ishab\Downloads\eclipse-java-2021-03-R-win32-x86_64\eclipse\plugins\org.eclipse.justj.openjdk.hotspot.jre.full.win32.x86_64_15.0.2.v20210201-0955\jre\bin\zip.dll
0x00007ffa15660000 - 0x00007ffa15da2000 	C:\WINDOWS\System32\SHELL32.dll
0x00007ffa12850000 - 0x00007ffa12fe0000 	C:\WINDOWS\SYSTEM32\windows.storage.dll
0x00007ffa168b0000 - 0x00007ffa16c05000 	C:\WINDOWS\System32\combase.dll
0x00007ffa141f0000 - 0x00007ffa1421c000 	C:\WINDOWS\SYSTEM32\Wldp.dll
0x00007ffa16e40000 - 0x00007ffa16eee000 	C:\WINDOWS\System32\SHCORE.dll
0x00007ffa16730000 - 0x00007ffa16785000 	C:\WINDOWS\System32\shlwapi.dll
0x00007ffa14790000 - 0x00007ffa147af000 	C:\WINDOWS\SYSTEM32\profapi.dll
0x00007ffa0edb0000 - 0x00007ffa0edbb000 	C:\Users\ishab\Downloads\eclipse-java-2021-03-R-win32-x86_64\eclipse\plugins\org.eclipse.justj.openjdk.hotspot.jre.full.win32.x86_64_15.0.2.v20210201-0955\jre\bin\dt_socket.dll
0x00007ffa13c50000 - 0x00007ffa13c8b000 	C:\WINDOWS\SYSTEM32\IPHLPAPI.DLL
0x00007ffa13f60000 - 0x00007ffa13fca000 	C:\WINDOWS\system32\mswsock.dll
0x00007ffa13c90000 - 0x00007ffa13d5c000 	C:\WINDOWS\SYSTEM32\DNSAPI.dll
0x00007ffa16fe0000 - 0x00007ffa16fe8000 	C:\WINDOWS\System32\NSI.dll
0x00007ffa05200000 - 0x00007ffa0520a000 	C:\Windows\System32\rasadhlp.dll
0x00007ffa05aa0000 - 0x00007ffa05b1f000 	C:\WINDOWS\System32\fwpuclnt.dll
0x00007ffa149b0000 - 0x00007ffa149d7000 	C:\WINDOWS\System32\bcrypt.dll
0x00007ffa0adb0000 - 0x00007ffa0adc9000 	C:\Users\ishab\Downloads\eclipse-java-2021-03-R-win32-x86_64\eclipse\plugins\org.eclipse.justj.openjdk.hotspot.jre.full.win32.x86_64_15.0.2.v20210201-0955\jre\bin\net.dll
0x00007ffa05d70000 - 0x00007ffa05e7b000 	C:\WINDOWS\SYSTEM32\WINHTTP.dll
0x00007ffa0ac90000 - 0x00007ffa0aca2000 	C:\Users\ishab\Downloads\eclipse-java-2021-03-R-win32-x86_64\eclipse\plugins\org.eclipse.justj.openjdk.hotspot.jre.full.win32.x86_64_15.0.2.v20210201-0955\jre\bin\nio.dll
0x00007ffa11c50000 - 0x00007ffa11c60000 	C:\Users\ishab\Downloads\eclipse-java-2021-03-R-win32-x86_64\eclipse\plugins\org.eclipse.justj.openjdk.hotspot.jre.full.win32.x86_64_15.0.2.v20210201-0955\jre\bin\verify.dll

dbghelp: loaded successfully - version: 4.0.5 - missing functions: none
symbol engine: initialized successfully - sym options: 0x614 - pdb path: .;C:\Users\ishab\Downloads\eclipse-java-2021-03-R-win32-x86_64\eclipse\plugins\org.eclipse.justj.openjdk.hotspot.jre.full.win32.x86_64_15.0.2.v20210201-0955\jre\bin;C:\WINDOWS\SYSTEM32;C:\WINDOWS\WinSxS\amd64_microsoft.windows.common-controls_6595b64144ccf1df_6.0.19041.844_none_ca00b6081b84eb1d;C:\Users\ishab\Downloads\eclipse-java-2021-03-R-win32-x86_64\eclipse\plugins\org.eclipse.justj.openjdk.hotspot.jre.full.win32.x86_64_15.0.2.v20210201-0955\jre\bin\server

VM Arguments:
jvm_args: -XX:+ShowCodeDetailsInExceptionMessages -agentlib:jdwp=transport=dt_socket,suspend=y,address=localhost:56888 -javaagent:C:\Users\ishab\Downloads\eclipse-java-2021-03-R-win32-x86_64\eclipse\configuration\org.eclipse.osgi\222\0\.cp\lib\javaagent-shaded.jar -Dfile.encoding=Cp1252 
java_command: com.leetCode.Arrays.DeleteElement
java_class_path (initial): C:\Users\ishab\eclipse-workspace\LeetCode\bin
Launcher Type: SUN_STANDARD

[Global flags]
     intx CICompilerCount                          = 3                                         {product} {ergonomic}
     uint ConcGCThreads                            = 1                                         {product} {ergonomic}
     uint G1ConcRefinementThreads                  = 4                                         {product} {ergonomic}
   size_t G1HeapRegionSize                         = 1048576                                   {product} {ergonomic}
    uintx GCDrainStackTargetSize                   = 64                                        {product} {ergonomic}
   size_t InitialHeapSize                          = 134217728                                 {product} {ergonomic}
   size_t MarkStackSize                            = 4194304                                   {product} {ergonomic}
   size_t MaxHeapSize                              = 2120220672                                {product} {ergonomic}
   size_t MaxNewSize                               = 1271922688                                {product} {ergonomic}
   size_t MinHeapDeltaBytes                        = 1048576                                   {product} {ergonomic}
   size_t MinHeapSize                              = 8388608                                   {product} {ergonomic}
    uintx NonNMethodCodeHeapSize                   = 5832780                                {pd product} {ergonomic}
    uintx NonProfiledCodeHeapSize                  = 122912730                              {pd product} {ergonomic}
    uintx ProfiledCodeHeapSize                     = 122912730                              {pd product} {ergonomic}
    uintx ReservedCodeCacheSize                    = 251658240                              {pd product} {ergonomic}
     bool SegmentedCodeCache                       = true                                      {product} {ergonomic}
     bool ShowCodeDetailsInExceptionMessages       = true                                   {manageable} {command line}
   size_t SoftMaxHeapSize                          = 2120220672                             {manageable} {ergonomic}
     bool UseCompressedClassPointers               = true                                 {lp64_product} {ergonomic}
     bool UseCompressedOops                        = true                                 {lp64_product} {ergonomic}
     bool UseG1GC                                  = true                                      {product} {ergonomic}
     bool UseLargePagesIndividualAllocation        = false                                  {pd product} {ergonomic}

Logging:
Log output configuration:
 #0: stdout all=warning uptime,level,tags
 #1: stderr all=off uptime,level,tags

Environment Variables:
CLASSPATH=C:\Java
PATH=C:\Users\ishab\Downloads\eclipse-java-2021-03-R-win32-x86_64\eclipse\plugins\org.eclipse.justj.openjdk.hotspot.jre.full.win32.x86_64_15.0.2.v20210201-0955\jre\bin;C:/Users/ishab/Downloads/eclipse-java-2021-03-R-win32-x86_64/eclipse//plugins/org.eclipse.justj.openjdk.hotspot.jre.full.win32.x86_64_15.0.2.v20210201-0955/jre/bin/server;C:/Users/ishab/Downloads/eclipse-java-2021-03-R-win32-x86_64/eclipse//plugins/org.eclipse.justj.openjdk.hotspot.jre.full.win32.x86_64_15.0.2.v20210201-0955/jre/bin;C:\Program Files (x86)\Common Files\Oracle\Java\javapath;C:\Java\jdk-11.0.2\bin;C:\Program Files\Intel\iCLS Client\;C:\WINDOWS\system32;C:\WINDOWS;C:\WINDOWS\System32\Wbem;C:\WINDOWS\System32\WindowsPowerShell\v1.0\;C:\Program Files (x86)\Intel\Intel(R) Management Engine Components\DAL;C:\Program Files\Intel\Intel(R) Management Engine Components\DAL;C:\Program Files (x86)\Intel\Intel(R) Management Engine Components\IPT;C:\Program Files\Intel\Intel(R) Management Engine Components\IPT;C:\WINDOWS\System32\OpenSSH\;C:\Program Files\Intel\WiFi\bin\;C:\Program Files\Common Files\Intel\WirelessCommon\;C:\Program Files\Docker\Docker\resources\bin;C:\ProgramData\DockerDesktop\version-bin;C:\Program Files (x86)\PuTTY\;C:\Program Files\Git\cmd;C:\Users\ishab\AppData\Local\Microsoft\WindowsApps;;C:\Users\ishab\Downloads\eclipse-java-2021-03-R-win32-x86_64\eclipse;
USERNAME=ishab
OS=Windows_NT
PROCESSOR_IDENTIFIER=Intel64 Family 6 Model 78 Stepping 3, GenuineIntel



---------------  S Y S T E M  ---------------

OS:
 Windows 10 , 64 bit Build 19041 (10.0.19041.928)
OS uptime: 0 days 21:21 hours

CPU: total 4 (initial active 4) (2 cores per cpu, 2 threads per core) family 6 model 78 stepping 3 microcode 0xd6, cmov, cx8, fxsr, mmx, sse, sse2, sse3, ssse3, sse4.1, sse4.2, popcnt, vzeroupper, avx, avx2, aes, clmul, erms, 3dnowpref, lzcnt, ht, tsc, tscinvbit, bmi1, bmi2, adx, fma, clflush, clflushopt

Memory: 4k page, system-wide physical 8082M (1038M free)
TotalPageFile size 20771M (AvailPageFile size 12001M)
current process WorkingSet (physical memory assigned to process): 44M, peak: 46M
current process commit charge ("private bytes"): 202M, peak: 204M

vm_info: OpenJDK 64-Bit Server VM (15.0.2+7-27) for windows-amd64 JRE (15.0.2+7-27), built on Dec  7 2020 20:02:38 by "mach5one" with unknown MS VC++:1925

END.
